<?xml version="1.0" encoding="UTF-8"?>
<!-- Generated by org.testng.reporters.JUnitReportReporter -->
<testsuite hostname="LAPTOP-5Q162UTL" failures="0" tests="1" name="com.orangeHRM.testcases.LoginTest" time="21.792" errors="0" timestamp="2024-02-19T21:39:25 IST" skipped="0">
  <testcase classname="com.orangeHRM.testcases.LoginTest" name="validUserPass" time="21.792"/>
</testsuite> <!-- com.orangeHRM.testcases.LoginTest -->
