<?xml version="1.0" encoding="UTF-8"?>
<!-- Generated by org.testng.reporters.JUnitReportReporter -->
<testsuite hostname="LAPTOP-5Q162UTL" failures="0" tests="1" name="com.orangeHRM.testcases.LoginTest" time="17.429" errors="0" timestamp="2024-02-19T20:28:58 IST" skipped="0">
  <testcase classname="com.orangeHRM.testcases.LoginTest" name="validUserPass" time="17.429"/>
</testsuite> <!-- com.orangeHRM.testcases.LoginTest -->
